<?xml version="1.0" encoding="UTF-8"?>
<testng-results skipped="0" failed="0" ignored="0" total="1" passed="1">
  <reporter-output>
  </reporter-output>
  <suite name="Failed suite [Default suite]" duration-ms="10925" started-at="2021-02-04T12:44:36Z" finished-at="2021-02-04T12:44:47Z">
    <groups>
    </groups>
    <test name="Default test(failed)" duration-ms="10925" started-at="2021-02-04T12:44:36Z" finished-at="2021-02-04T12:44:47Z">
      <class name="Coca.Loco.ReportTestcase">
        <test-method status="PASS" signature="f()[pri:0, instance:Coca.Loco.ReportTestcase@57fffcd7]" name="f" duration-ms="10888" started-at="2021-02-04T12:44:36Z" finished-at="2021-02-04T12:44:47Z">
          <reporter-output>
          </reporter-output>
        </test-method> <!-- f -->
      </class> <!-- Coca.Loco.ReportTestcase -->
    </test> <!-- Default test(failed) -->
  </suite> <!-- Failed suite [Default suite] -->
</testng-results>
