<?xml version="1.0" encoding="UTF-8"?>
<!-- Generated by org.testng.reporters.JUnitXMLReporter -->
<testsuite hostname="DESKTOP-A8AF0PQ" ignored="0" name="Default test" tests="5" failures="0" timestamp="06 Jun 2021 10:19:55 GMT" time="0.048" errors="0">
  <testcase name="A" time="0.008" classname="Coca.Loco.TestNGLearning"/>
  <testcase name="B" time="0.002" classname="Coca.Loco.TestNGLearning"/>
  <testcase name="C" time="0.002" classname="Coca.Loco.TestNGLearning"/>
  <testcase name="a" time="0.001" classname="Coca.Loco.TestNGLearning"/>
  <testcase name="D" time="0.001" classname="Coca.Loco.TestNGLearning"/>
</testsuite> <!-- Default test -->
